已經開始建置於 2022/3/24 上午 10:50:46。
     1>節點 2 (build 目標) 上的專案 "C:\Users\MarkSu\Documents\Visual Studio 2010\Projects\MultiThreadDemo\MultiThreadDemo\MultiThreadDemo.vcxproj"。
     1>InitializeBuildStatus:
         由於指定了 "AlwaysCreate"，因此正在建立 "Debug\MultiThreadDemo.unsuccessfulbuild"。
       ClCompile:
         所有輸出都是最新的。
         d:\Program Files (x86)\Microsoft Visual Studio 10.0\VC\bin\CL.exe /c /ZI /nologo /W3 /WX- /Od /Oy- /D WIN32 /D _WINDOWS /D _DEBUG /D _MBCS /D _AFXDLL /Gm /EHsc /RTC1 /MDd /GS /fp:precise /Zc:wchar_t /Zc:forScope /Yu"StdAfx.h" /Fp"Debug\MultiThreadDemo.pch" /Fo"Debug\\" /Fd"Debug\vc100.pdb" /Gd /TP /analyze- /errorReport:prompt MultiThreadDemoDlg.cpp
         MultiThreadDemoDlg.cpp
     1>c:\users\marksu\documents\visual studio 2010\projects\multithreaddemo\multithreaddemo\multithreaddemodlg.cpp(234): warning C4715: 'TimerThread::MyThreadProc' : 不是所有控制路徑都傳回值
       ResourceCompile:
         所有輸出都是最新的。
       ManifestResourceCompile:
         所有輸出都是最新的。
       Link:
         d:\Program Files (x86)\Microsoft Visual Studio 10.0\VC\bin\link.exe /ERRORREPORT:PROMPT /OUT:"C:\Users\MarkSu\Documents\Visual Studio 2010\Projects\MultiThreadDemo\Debug\MultiThreadDemo.exe" /INCREMENTAL /NOLOGO /MANIFEST /ManifestFile:"Debug\MultiThreadDemo.exe.intermediate.manifest" /MANIFESTUAC:"level='asInvoker' uiAccess='false'" /DEBUG /PDB:"C:\Users\MarkSu\Documents\Visual Studio 2010\Projects\MultiThreadDemo\Debug\MultiThreadDemo.pdb" /SUBSYSTEM:WINDOWS /TLBID:1 /DYNAMICBASE /NXCOMPAT /IMPLIB:"C:\Users\MarkSu\Documents\Visual Studio 2010\Projects\MultiThreadDemo\Debug\MultiThreadDemo.lib" /MACHINE:X86 Debug\MultiThreadDemo.res
         Debug\MultiThreadDemo.exe.embed.manifest.res
         Debug\MultiThreadDemo.obj
         Debug\MultiThreadDemoDlg.obj
         Debug\stdafx.obj
         Debug\SubDlg.obj
       Manifest:
         C:\Program Files (x86)\Microsoft SDKs\Windows\v7.0A\bin\mt.exe /nologo /verbose /out:"Debug\MultiThreadDemo.exe.embed.manifest" /manifest Debug\MultiThreadDemo.exe.intermediate.manifest "d:\Program Files (x86)\Microsoft Visual Studio 10.0\VC\Include\Manifest\dpiaware.manifest"
         所有輸出都是最新的。
       LinkEmbedManifest:
         所有輸出都是最新的。
         MultiThreadDemo.vcxproj -> C:\Users\MarkSu\Documents\Visual Studio 2010\Projects\MultiThreadDemo\Debug\MultiThreadDemo.exe
       FinalizeBuildStatus:
         正在刪除檔案 "Debug\MultiThreadDemo.unsuccessfulbuild"。
         正在變更時間戳記 "Debug\MultiThreadDemo.lastbuildstate"。
     1>專案 "C:\Users\MarkSu\Documents\Visual Studio 2010\Projects\MultiThreadDemo\MultiThreadDemo\MultiThreadDemo.vcxproj" (build 目標) 建置完成。

建置成功。

經過時間 00:00:00.90
